> Task :compileJava
> Task :processResources UP-TO-DATE
> Task :classes
> Task :resolveMainClassName

> Task :bootRun

  .   ____          _            __ _ _
 /\\ / ___'_ __ _ _(_)_ __  __ _ \ \ \ \
( ( )\___ | '_ | '_| | '_ \/ _` | \ \ \ \
 \\/  ___)| |_)| | | | | || (_| |  ) ) ) )
  '  |____| .__|_| |_|_| |_\__, | / / / /
 =========|_|==============|___/=/_/_/_/

 :: Spring Boot ::                (v4.0.1)

2026-01-15T19:27:13.190+01:00  INFO 139625 --- [FitnessTrackerBackend] [  restartedMain] c.f.FitnessTrackerBackendApplication     : Starting FitnessTrackerBackendApplication using Java 25.0.1 with PID 139625 (/home/comprex/FitnessApp/FitnessTrackerBackend/build/classes/java/main started by comprex in /home/comprex/FitnessApp/FitnessTrackerBackend)
2026-01-15T19:27:13.197+01:00  INFO 139625 --- [FitnessTrackerBackend] [  restartedMain] c.f.FitnessTrackerBackendApplication     : No active profile set, falling back to 1 default profile: "default"
2026-01-15T19:27:13.292+01:00  INFO 139625 --- [FitnessTrackerBackend] [  restartedMain] .e.DevToolsPropertyDefaultsPostProcessor : Devtools property defaults active! Set 'spring.devtools.add-properties' to 'false' to disable
2026-01-15T19:27:13.292+01:00  INFO 139625 --- [FitnessTrackerBackend] [  restartedMain] .e.DevToolsPropertyDefaultsPostProcessor : For additional web related logging consider setting the 'logging.level.web' property to 'DEBUG'
2026-01-15T19:27:15.107+01:00  INFO 139625 --- [FitnessTrackerBackend] [  restartedMain] .s.d.r.c.RepositoryConfigurationDelegate : Bootstrapping Spring Data JPA repositories in DEFAULT mode.
2026-01-15T19:27:15.231+01:00  INFO 139625 --- [FitnessTrackerBackend] [  restartedMain] .s.d.r.c.RepositoryConfigurationDelegate : Finished Spring Data repository scanning in 111 ms. Found 18 JPA repository interfaces.
2026-01-15T19:27:16.049+01:00  INFO 139625 --- [FitnessTrackerBackend] [  restartedMain] o.s.boot.tomcat.TomcatWebServer          : Tomcat initialized with port 8080 (http)
2026-01-15T19:27:16.064+01:00  INFO 139625 --- [FitnessTrackerBackend] [  restartedMain] o.apache.catalina.core.StandardService   : Starting service [Tomcat]
2026-01-15T19:27:16.064+01:00  INFO 139625 --- [FitnessTrackerBackend] [  restartedMain] o.apache.catalina.core.StandardEngine    : Starting Servlet engine: [Apache Tomcat/11.0.15]
2026-01-15T19:27:16.100+01:00  INFO 139625 --- [FitnessTrackerBackend] [  restartedMain] b.w.c.s.WebApplicationContextInitializer : Root WebApplicationContext: initialization completed in 2807 ms
2026-01-15T19:27:16.592+01:00  INFO 139625 --- [FitnessTrackerBackend] [  restartedMain] org.flywaydb.core.FlywayExecutor         : Database: jdbc:postgresql://localhost:5432/fitness_tracker?currentSchema=fitnesstracker (PostgreSQL 18.1)
2026-01-15T19:27:16.672+01:00  INFO 139625 --- [FitnessTrackerBackend] [  restartedMain] o.f.core.internal.command.DbValidate     : Successfully validated 27 migrations (execution time 00:00.043s)
2026-01-15T19:27:16.702+01:00  INFO 139625 --- [FitnessTrackerBackend] [  restartedMain] o.f.core.internal.command.DbMigrate      : Current version of schema "fitnesstracker": 4
2026-01-15T19:27:16.705+01:00  INFO 139625 --- [FitnessTrackerBackend] [  restartedMain] o.f.core.internal.command.DbMigrate      : Schema "fitnesstracker" is up to date. No migration necessary.
2026-01-15T19:27:16.776+01:00  INFO 139625 --- [FitnessTrackerBackend] [  restartedMain] org.hibernate.orm.jpa                    : HHH008540: Processing PersistenceUnitInfo [name: default]
2026-01-15T19:27:16.814+01:00  INFO 139625 --- [FitnessTrackerBackend] [  restartedMain] org.hibernate.orm.core                   : HHH000001: Hibernate ORM core version 7.2.0.Final
2026-01-15T19:27:17.164+01:00  INFO 139625 --- [FitnessTrackerBackend] [  restartedMain] o.s.o.j.p.SpringPersistenceUnitInfo      : No LoadTimeWeaver setup: ignoring JPA class transformer
2026-01-15T19:27:17.188+01:00  INFO 139625 --- [FitnessTrackerBackend] [  restartedMain] com.zaxxer.hikari.HikariDataSource       : HikariPool-1 - Starting...
2026-01-15T19:27:17.214+01:00  INFO 139625 --- [FitnessTrackerBackend] [  restartedMain] com.zaxxer.hikari.pool.HikariPool        : HikariPool-1 - Added connection org.postgresql.jdbc.PgConnection@7d243c7e
2026-01-15T19:27:17.215+01:00  INFO 139625 --- [FitnessTrackerBackend] [  restartedMain] com.zaxxer.hikari.HikariDataSource       : HikariPool-1 - Start completed.
2026-01-15T19:27:17.242+01:00  WARN 139625 --- [FitnessTrackerBackend] [  restartedMain] org.hibernate.orm.deprecation            : HHH90000025: PostgreSQLDialect does not need to be specified explicitly using 'hibernate.dialect' (remove the property setting and it will be selected by default)
2026-01-15T19:27:17.257+01:00  INFO 139625 --- [FitnessTrackerBackend] [  restartedMain] org.hibernate.orm.connections.pooling    : HHH10001005: Database info:
	Database JDBC URL [jdbc:postgresql://localhost:5432/fitness_tracker?currentSchema=fitnesstracker]
	Database driver: PostgreSQL JDBC Driver
	Database dialect: PostgreSQLDialect
	Database version: 18.1
	Default catalog/schema: fitness_tracker/fitnesstracker
	Autocommit mode: undefined/unknown
	Isolation level: READ_COMMITTED [default READ_COMMITTED]
	JDBC fetch size: none
	Pool: DataSourceConnectionProvider
	Minimum pool size: undefined/unknown
	Maximum pool size: undefined/unknown
2026-01-15T19:27:18.281+01:00  INFO 139625 --- [FitnessTrackerBackend] [  restartedMain] org.hibernate.orm.core                   : HHH000489: No JTA platform available (set 'hibernate.transaction.jta.platform' to enable JTA platform integration)
2026-01-15T19:27:18.325+01:00  INFO 139625 --- [FitnessTrackerBackend] [  restartedMain] j.LocalContainerEntityManagerFactoryBean : Initialized JPA EntityManagerFactory for persistence unit 'default'
2026-01-15T19:27:18.386+01:00  INFO 139625 --- [FitnessTrackerBackend] [  restartedMain] o.s.d.j.r.query.QueryEnhancerFactories   : Hibernate is in classpath; If applicable, HQL parser will be used.
2026-01-15T19:27:19.188+01:00  INFO 139625 --- [FitnessTrackerBackend] [  restartedMain] eAuthenticationProviderManagerConfigurer : Global AuthenticationManager configured with AuthenticationProvider bean with name authenticationProvider
2026-01-15T19:27:19.188+01:00  WARN 139625 --- [FitnessTrackerBackend] [  restartedMain] r$InitializeUserDetailsManagerConfigurer : Global AuthenticationManager configured with an AuthenticationProvider bean. UserDetailsService beans will not be used by Spring Security for automatically configuring username/password login. Consider removing the AuthenticationProvider bean. Alternatively, consider using the UserDetailsService in a manually instantiated DaoAuthenticationProvider. If the current configuration is intentional, to turn off this warning, increase the logging level of 'org.springframework.security.config.annotation.authentication.configuration.InitializeUserDetailsBeanManagerConfigurer' to ERROR
2026-01-15T19:27:20.405+01:00  INFO 139625 --- [FitnessTrackerBackend] [  restartedMain] o.s.b.a.e.web.EndpointLinksResolver      : Exposing 1 endpoint beneath base path '/actuator'
2026-01-15T19:27:20.478+01:00  INFO 139625 --- [FitnessTrackerBackend] [  restartedMain] o.s.boot.tomcat.TomcatWebServer          : Tomcat started on port 8080 (http) with context path '/'
2026-01-15T19:27:20.487+01:00  INFO 139625 --- [FitnessTrackerBackend] [  restartedMain] c.f.FitnessTrackerBackendApplication     : Started FitnessTrackerBackendApplication in 8.172 seconds (process running for 9.014)
2026-01-15T19:27:20.545+01:00  WARN 139625 --- [FitnessTrackerBackend] [  restartedMain] o.s.core.events.SpringDocAppInitializer  : SpringDoc /v3/api-docs endpoint is enabled by default. To disable it in production, set the property 'springdoc.api-docs.enabled=false'
2026-01-15T19:27:20.546+01:00  WARN 139625 --- [FitnessTrackerBackend] [  restartedMain] o.s.core.events.SpringDocAppInitializer  : SpringDoc /swagger-ui.html endpoint is enabled by default. To disable it in production, set the property 'springdoc.swagger-ui.enabled=false'
2026-01-15T19:27:36.754+01:00  INFO 139625 --- [FitnessTrackerBackend] [nio-8080-exec-1] o.a.c.c.C.[Tomcat].[localhost].[/]       : Initializing Spring DispatcherServlet 'dispatcherServlet'
2026-01-15T19:27:36.755+01:00  INFO 139625 --- [FitnessTrackerBackend] [nio-8080-exec-1] o.s.web.servlet.DispatcherServlet        : Initializing Servlet 'dispatcherServlet'
2026-01-15T19:27:36.758+01:00  INFO 139625 --- [FitnessTrackerBackend] [nio-8080-exec-1] o.s.web.servlet.DispatcherServlet        : Completed initialization in 3 ms
2026-01-15T19:27:37.248+01:00  INFO 139625 --- [FitnessTrackerBackend] [nio-8080-exec-1] com.zaxxer.hikari.HikariDataSource       : HikariPool-2 - Starting...
2026-01-15T19:27:37.290+01:00  INFO 139625 --- [FitnessTrackerBackend] [nio-8080-exec-1] com.zaxxer.hikari.pool.HikariPool        : HikariPool-2 - Added connection org.postgresql.jdbc.PgConnection@7901f456
2026-01-15T19:27:37.291+01:00  INFO 139625 --- [FitnessTrackerBackend] [nio-8080-exec-1] com.zaxxer.hikari.HikariDataSource       : HikariPool-2 - Start completed.
2026-01-15T19:27:53.964+01:00  WARN 139625 --- [FitnessTrackerBackend] [nio-8080-exec-7] .m.m.a.ExceptionHandlerExceptionResolver : Resolved [org.hibernate.LazyInitializationException: Could not initialize proxy [com.fitnesstrackerbackend.domain.trainingplan.model.UserWorkoutExerciseEntity#1] - no session]
2026-01-15T19:42:52.821+01:00  WARN 139625 --- [FitnessTrackerBackend] [nio-8080-exec-3] .m.m.a.ExceptionHandlerExceptionResolver : Resolved [org.hibernate.LazyInitializationException: Could not initialize proxy [com.fitnesstrackerbackend.domain.trainingplan.model.UserWorkoutExerciseEntity#1] - no session]
2026-01-15T19:44:49.899+01:00  WARN 139625 --- [FitnessTrackerBackend] [nio-8080-exec-1] .m.m.a.ExceptionHandlerExceptionResolver : Resolved [org.hibernate.LazyInitializationException: Could not initialize proxy [com.fitnesstrackerbackend.domain.trainingplan.model.UserWorkoutExerciseEntity#1] - no session]
2026-01-15T19:51:29.668+01:00  WARN 139625 --- [FitnessTrackerBackend] [nio-8080-exec-8] .m.m.a.ExceptionHandlerExceptionResolver : Resolved [org.springframework.security.authentication.BadCredentialsException: Bad credentials]
2026-01-15T19:53:37.353+01:00  WARN 139625 --- [FitnessTrackerBackend] [nio-8080-exec-7] .m.m.a.ExceptionHandlerExceptionResolver : Resolved [org.hibernate.LazyInitializationException: Could not initialize proxy [com.fitnesstrackerbackend.domain.trainingplan.model.UserWorkoutExerciseEntity#1] - no session]
2026-01-15T19:54:19.256+01:00  WARN 139625 --- [FitnessTrackerBackend] [nio-8080-exec-3] .m.m.a.ExceptionHandlerExceptionResolver : Resolved [org.hibernate.LazyInitializationException: Could not initialize proxy [com.fitnesstrackerbackend.domain.trainingplan.model.UserWorkoutExerciseEntity#1] - no session]
2026-01-15T19:54:48.372+01:00  WARN 139625 --- [FitnessTrackerBackend] [nio-8080-exec-8] .m.m.a.ExceptionHandlerExceptionResolver : Resolved [org.hibernate.LazyInitializationException: Could not initialize proxy [com.fitnesstrackerbackend.domain.trainingplan.model.UserWorkoutExerciseEntity#1] - no session]
2026-01-15T19:55:20.956+01:00  WARN 139625 --- [FitnessTrackerBackend] [nio-8080-exec-8] .m.m.a.ExceptionHandlerExceptionResolver : Resolved [org.hibernate.LazyInitializationException: Could not initialize proxy [com.fitnesstrackerbackend.domain.trainingplan.model.UserWorkoutExerciseEntity#1] - no session]
2026-01-15T19:55:37.633+01:00  WARN 139625 --- [FitnessTrackerBackend] [nio-8080-exec-1] .m.m.a.ExceptionHandlerExceptionResolver : Resolved [org.springframework.security.authentication.BadCredentialsException: Bad credentials]
2026-01-15T19:55:44.358+01:00  WARN 139625 --- [FitnessTrackerBackend] [nio-8080-exec-3] .m.m.a.ExceptionHandlerExceptionResolver : Resolved [org.hibernate.LazyInitializationException: Could not initialize proxy [com.fitnesstrackerbackend.domain.trainingplan.model.UserWorkoutExerciseEntity#1] - no session]
2026-01-19T10:19:18.818+01:00  WARN 139625 --- [FitnessTrackerBackend] [nio-8080-exec-1] .m.m.a.ExceptionHandlerExceptionResolver : Resolved [org.hibernate.LazyInitializationException: Could not initialize proxy [com.fitnesstrackerbackend.domain.trainingplan.model.UserWorkoutExerciseEntity#1] - no session]
2026-01-19T10:21:48.345+01:00  WARN 139625 --- [FitnessTrackerBackend] [nio-8080-exec-9] .m.m.a.ExceptionHandlerExceptionResolver : Resolved [org.hibernate.LazyInitializationException: Could not initialize proxy [com.fitnesstrackerbackend.domain.trainingplan.model.UserWorkoutExerciseEntity#1] - no session]
2026-01-19T10:27:57.048+01:00  WARN 139625 --- [FitnessTrackerBackend] [nio-8080-exec-3] .m.m.a.ExceptionHandlerExceptionResolver : Resolved [org.hibernate.LazyInitializationException: Could not initialize proxy [com.fitnesstrackerbackend.domain.trainingplan.model.UserWorkoutExerciseEntity#1] - no session]
2026-01-19T10:28:05.970+01:00  WARN 139625 --- [FitnessTrackerBackend] [nio-8080-exec-5] .m.m.a.ExceptionHandlerExceptionResolver : Resolved [org.hibernate.LazyInitializationException: Could not initialize proxy [com.fitnesstrackerbackend.domain.trainingplan.model.UserWorkoutExerciseEntity#1] - no session]
2026-01-19T10:29:26.372+01:00  WARN 139625 --- [FitnessTrackerBackend] [io-8080-exec-10] .m.m.a.ExceptionHandlerExceptionResolver : Resolved [org.hibernate.LazyInitializationException: Could not initialize proxy [com.fitnesstrackerbackend.domain.trainingplan.model.UserWorkoutExerciseEntity#16] - no session]
2026-01-19T10:29:50.063+01:00  WARN 139625 --- [FitnessTrackerBackend] [nio-8080-exec-2] .m.m.a.ExceptionHandlerExceptionResolver : Resolved [org.hibernate.LazyInitializationException: Could not initialize proxy [com.fitnesstrackerbackend.domain.trainingplan.model.UserWorkoutExerciseEntity#16] - no session]
2026-01-19T10:34:54.222+01:00  WARN 139625 --- [FitnessTrackerBackend] [nio-8080-exec-6] .m.m.a.ExceptionHandlerExceptionResolver : Resolved [org.hibernate.LazyInitializationException: Could not initialize proxy [com.fitnesstrackerbackend.domain.trainingplan.model.UserWorkoutExerciseEntity#16] - no session]
2026-01-19T10:35:00.167+01:00  WARN 139625 --- [FitnessTrackerBackend] [nio-8080-exec-2] .m.m.a.ExceptionHandlerExceptionResolver : Resolved [org.hibernate.LazyInitializationException: Could not initialize proxy [com.fitnesstrackerbackend.domain.trainingplan.model.UserWorkoutExerciseEntity#16] - no session]
2026-01-19T10:35:33.202+01:00  WARN 139625 --- [FitnessTrackerBackend] [nio-8080-exec-6] .m.m.a.ExceptionHandlerExceptionResolver : Resolved [org.hibernate.LazyInitializationException: Could not initialize proxy [com.fitnesstrackerbackend.domain.trainingplan.model.UserWorkoutExerciseEntity#16] - no session]
2026-01-19T10:36:17.371+01:00  WARN 139625 --- [FitnessTrackerBackend] [nio-8080-exec-8] .m.m.a.ExceptionHandlerExceptionResolver : Resolved [org.hibernate.LazyInitializationException: Could not initialize proxy [com.fitnesstrackerbackend.domain.trainingplan.model.UserWorkoutExerciseEntity#16] - no session]
2026-01-19T10:36:42.523+01:00  WARN 139625 --- [FitnessTrackerBackend] [nio-8080-exec-4] .m.m.a.ExceptionHandlerExceptionResolver : Resolved [org.hibernate.LazyInitializationException: Could not initialize proxy [com.fitnesstrackerbackend.domain.trainingplan.model.UserWorkoutExerciseEntity#16] - no session]
2026-01-19T10:38:41.666+01:00  WARN 139625 --- [FitnessTrackerBackend] [nio-8080-exec-2] .m.m.a.ExceptionHandlerExceptionResolver : Resolved [org.hibernate.LazyInitializationException: Could not initialize proxy [com.fitnesstrackerbackend.domain.trainingplan.model.UserWorkoutExerciseEntity#16] - no session]
2026-01-19T10:38:58.653+01:00  WARN 139625 --- [FitnessTrackerBackend] [nio-8080-exec-6] .m.m.a.ExceptionHandlerExceptionResolver : Resolved [org.hibernate.LazyInitializationException: Could not initialize proxy [com.fitnesstrackerbackend.domain.trainingplan.model.UserWorkoutExerciseEntity#16] - no session]
2026-01-19T10:39:25.737+01:00  WARN 139625 --- [FitnessTrackerBackend] [nio-8080-exec-4] .m.m.a.ExceptionHandlerExceptionResolver : Resolved [org.hibernate.LazyInitializationException: Could not initialize proxy [com.fitnesstrackerbackend.domain.trainingplan.model.UserWorkoutExerciseEntity#16] - no session]
2026-01-19T10:43:12.044+01:00  WARN 139625 --- [FitnessTrackerBackend] [nio-8080-exec-6] .m.m.a.ExceptionHandlerExceptionResolver : Resolved [org.hibernate.LazyInitializationException: Could not initialize proxy [com.fitnesstrackerbackend.domain.trainingplan.model.UserWorkoutExerciseEntity#16] - no session]
2026-01-19T10:43:21.458+01:00  WARN 139625 --- [FitnessTrackerBackend] [nio-8080-exec-8] .m.m.a.ExceptionHandlerExceptionResolver : Resolved [org.hibernate.LazyInitializationException: Could not initialize proxy [com.fitnesstrackerbackend.domain.trainingplan.model.UserWorkoutExerciseEntity#16] - no session]
2026-01-19T10:43:42.950+01:00  WARN 139625 --- [FitnessTrackerBackend] [nio-8080-exec-9] .m.m.a.ExceptionHandlerExceptionResolver : Resolved [org.hibernate.LazyInitializationException: Could not initialize proxy [com.fitnesstrackerbackend.domain.trainingplan.model.UserWorkoutExerciseEntity#16] - no session]
2026-01-19T10:43:54.447+01:00  WARN 139625 --- [FitnessTrackerBackend] [nio-8080-exec-8] .m.m.a.ExceptionHandlerExceptionResolver : Resolved [org.hibernate.LazyInitializationException: Could not initialize proxy [com.fitnesstrackerbackend.domain.trainingplan.model.UserWorkoutExerciseEntity#16] - no session]
2026-01-19T10:45:50.279+01:00  WARN 139625 --- [FitnessTrackerBackend] [nio-8080-exec-7] .m.m.a.ExceptionHandlerExceptionResolver : Resolved [org.hibernate.LazyInitializationException: Could not initialize proxy [com.fitnesstrackerbackend.domain.trainingplan.model.UserWorkoutExerciseEntity#16] - no session]
2026-01-19T10:46:31.229+01:00  WARN 139625 --- [FitnessTrackerBackend] [nio-8080-exec-8] .m.m.a.ExceptionHandlerExceptionResolver : Resolved [org.hibernate.LazyInitializationException: Could not initialize proxy [com.fitnesstrackerbackend.domain.trainingplan.model.UserWorkoutExerciseEntity#16] - no session]

> Task :bootRun FAILED

FAILURE: Build failed with an exception.

* What went wrong:
Execution failed for task ':bootRun'.
> Process 'command '/usr/lib/jvm/java-25-openjdk/bin/java'' finished with non-zero exit value 137

* Try:
> Run with --stacktrace option to get the stack trace.
> Run with --info or --debug option to get more log output.
> Run with --scan to generate a Build Scan (powered by Develocity).
> Get more help at https://help.gradle.org.

BUILD FAILED in 87h 19m 58s
4 actionable tasks: 3 executed, 1 up-to-date
