nohup: ignoring input
> Task :compileJava UP-TO-DATE
> Task :processResources
> Task :classes
> Task :resolveMainClassName

> Task :bootRun

  .   ____          _            __ _ _
 /\\ / ___'_ __ _ _(_)_ __  __ _ \ \ \ \
( ( )\___ | '_ | '_| | '_ \/ _` | \ \ \ \
 \\/  ___)| |_)| | | | | || (_| |  ) ) ) )
  '  |____| .__|_| |_|_| |_\__, | / / / /
 =========|_|==============|___/=/_/_/_/

 :: Spring Boot ::                (v4.0.1)

2026-01-15T01:23:36.519+01:00  INFO 121017 --- [FitnessTrackerBackend] [  restartedMain] c.f.FitnessTrackerBackendApplication     : Starting FitnessTrackerBackendApplication using Java 25.0.1 with PID 121017 (/home/comprex/FitnessApp/FitnessTrackerBackend/build/classes/java/main started by comprex in /home/comprex/FitnessApp/FitnessTrackerBackend)
2026-01-15T01:23:36.523+01:00  INFO 121017 --- [FitnessTrackerBackend] [  restartedMain] c.f.FitnessTrackerBackendApplication     : No active profile set, falling back to 1 default profile: "default"
2026-01-15T01:23:36.567+01:00  INFO 121017 --- [FitnessTrackerBackend] [  restartedMain] .e.DevToolsPropertyDefaultsPostProcessor : Devtools property defaults active! Set 'spring.devtools.add-properties' to 'false' to disable
2026-01-15T01:23:36.567+01:00  INFO 121017 --- [FitnessTrackerBackend] [  restartedMain] .e.DevToolsPropertyDefaultsPostProcessor : For additional web related logging consider setting the 'logging.level.web' property to 'DEBUG'
2026-01-15T01:23:37.395+01:00  INFO 121017 --- [FitnessTrackerBackend] [  restartedMain] .s.d.r.c.RepositoryConfigurationDelegate : Bootstrapping Spring Data JPA repositories in DEFAULT mode.
2026-01-15T01:23:37.463+01:00  INFO 121017 --- [FitnessTrackerBackend] [  restartedMain] .s.d.r.c.RepositoryConfigurationDelegate : Finished Spring Data repository scanning in 60 ms. Found 18 JPA repository interfaces.
2026-01-15T01:23:38.246+01:00  INFO 121017 --- [FitnessTrackerBackend] [  restartedMain] o.s.boot.tomcat.TomcatWebServer          : Tomcat initialized with port 8080 (http)
2026-01-15T01:23:38.257+01:00  INFO 121017 --- [FitnessTrackerBackend] [  restartedMain] o.apache.catalina.core.StandardService   : Starting service [Tomcat]
2026-01-15T01:23:38.258+01:00  INFO 121017 --- [FitnessTrackerBackend] [  restartedMain] o.apache.catalina.core.StandardEngine    : Starting Servlet engine: [Apache Tomcat/11.0.15]
2026-01-15T01:23:38.284+01:00  INFO 121017 --- [FitnessTrackerBackend] [  restartedMain] b.w.c.s.WebApplicationContextInitializer : Root WebApplicationContext: initialization completed in 1717 ms
2026-01-15T01:23:38.695+01:00  INFO 121017 --- [FitnessTrackerBackend] [  restartedMain] org.flywaydb.core.FlywayExecutor         : Database: jdbc:postgresql://localhost:5432/fitness_tracker?currentSchema=fitnesstracker (PostgreSQL 18.1)
2026-01-15T01:23:38.769+01:00  INFO 121017 --- [FitnessTrackerBackend] [  restartedMain] o.f.core.internal.command.DbValidate     : Successfully validated 26 migrations (execution time 00:00.037s)
2026-01-15T01:23:38.797+01:00  INFO 121017 --- [FitnessTrackerBackend] [  restartedMain] o.f.core.internal.command.DbMigrate      : Current version of schema "fitnesstracker": 3
2026-01-15T01:23:38.815+01:00  INFO 121017 --- [FitnessTrackerBackend] [  restartedMain] o.f.core.internal.command.DbMigrate      : Migrating schema "fitnesstracker" with repeatable migration "99 Security Roles and Grants"
2026-01-15T01:23:38.831+01:00  INFO 121017 --- [FitnessTrackerBackend] [  restartedMain] o.f.c.i.s.DefaultSqlScriptExecutor       : DB: role "db_admin" has already been granted membership in role "admin_role" by role "postgres"
2026-01-15T01:23:38.832+01:00  INFO 121017 --- [FitnessTrackerBackend] [  restartedMain] o.f.c.i.s.DefaultSqlScriptExecutor       : DB: role "db_trainer" has already been granted membership in role "trainer_role" by role "postgres"
2026-01-15T01:23:38.832+01:00  INFO 121017 --- [FitnessTrackerBackend] [  restartedMain] o.f.c.i.s.DefaultSqlScriptExecutor       : DB: role "db_trainee" has already been granted membership in role "trainee_role" by role "postgres"
2026-01-15T01:23:38.833+01:00  INFO 121017 --- [FitnessTrackerBackend] [  restartedMain] o.f.c.i.s.DefaultSqlScriptExecutor       : DB: role "db_auth" has already been granted membership in role "auth_role" by role "postgres"
2026-01-15T01:23:38.867+01:00  INFO 121017 --- [FitnessTrackerBackend] [  restartedMain] o.f.core.internal.command.DbMigrate      : Successfully applied 1 migration to schema "fitnesstracker" (execution time 00:00.041s)
2026-01-15T01:23:38.931+01:00  INFO 121017 --- [FitnessTrackerBackend] [  restartedMain] org.hibernate.orm.jpa                    : HHH008540: Processing PersistenceUnitInfo [name: default]
2026-01-15T01:23:38.968+01:00  INFO 121017 --- [FitnessTrackerBackend] [  restartedMain] org.hibernate.orm.core                   : HHH000001: Hibernate ORM core version 7.2.0.Final
2026-01-15T01:23:39.317+01:00  INFO 121017 --- [FitnessTrackerBackend] [  restartedMain] o.s.o.j.p.SpringPersistenceUnitInfo      : No LoadTimeWeaver setup: ignoring JPA class transformer
2026-01-15T01:23:39.344+01:00  INFO 121017 --- [FitnessTrackerBackend] [  restartedMain] com.zaxxer.hikari.HikariDataSource       : HikariPool-1 - Starting...
2026-01-15T01:23:39.368+01:00  INFO 121017 --- [FitnessTrackerBackend] [  restartedMain] com.zaxxer.hikari.pool.HikariPool        : HikariPool-1 - Added connection org.postgresql.jdbc.PgConnection@32af1e09
2026-01-15T01:23:39.369+01:00  INFO 121017 --- [FitnessTrackerBackend] [  restartedMain] com.zaxxer.hikari.HikariDataSource       : HikariPool-1 - Start completed.
2026-01-15T01:23:39.401+01:00  WARN 121017 --- [FitnessTrackerBackend] [  restartedMain] org.hibernate.orm.deprecation            : HHH90000025: PostgreSQLDialect does not need to be specified explicitly using 'hibernate.dialect' (remove the property setting and it will be selected by default)
2026-01-15T01:23:39.419+01:00  INFO 121017 --- [FitnessTrackerBackend] [  restartedMain] org.hibernate.orm.connections.pooling    : HHH10001005: Database info:
	Database JDBC URL [jdbc:postgresql://localhost:5432/fitness_tracker?currentSchema=fitnesstracker]
	Database driver: PostgreSQL JDBC Driver
	Database dialect: PostgreSQLDialect
	Database version: 18.1
	Default catalog/schema: fitness_tracker/fitnesstracker
	Autocommit mode: undefined/unknown
	Isolation level: READ_COMMITTED [default READ_COMMITTED]
	JDBC fetch size: none
	Pool: DataSourceConnectionProvider
	Minimum pool size: undefined/unknown
	Maximum pool size: undefined/unknown
2026-01-15T01:23:40.497+01:00  INFO 121017 --- [FitnessTrackerBackend] [  restartedMain] org.hibernate.orm.core                   : HHH000489: No JTA platform available (set 'hibernate.transaction.jta.platform' to enable JTA platform integration)
2026-01-15T01:23:40.539+01:00  INFO 121017 --- [FitnessTrackerBackend] [  restartedMain] j.LocalContainerEntityManagerFactoryBean : Initialized JPA EntityManagerFactory for persistence unit 'default'
2026-01-15T01:23:40.599+01:00  INFO 121017 --- [FitnessTrackerBackend] [  restartedMain] o.s.d.j.r.query.QueryEnhancerFactories   : Hibernate is in classpath; If applicable, HQL parser will be used.
2026-01-15T01:23:41.473+01:00  INFO 121017 --- [FitnessTrackerBackend] [  restartedMain] eAuthenticationProviderManagerConfigurer : Global AuthenticationManager configured with AuthenticationProvider bean with name authenticationProvider
2026-01-15T01:23:41.473+01:00  WARN 121017 --- [FitnessTrackerBackend] [  restartedMain] r$InitializeUserDetailsManagerConfigurer : Global AuthenticationManager configured with an AuthenticationProvider bean. UserDetailsService beans will not be used by Spring Security for automatically configuring username/password login. Consider removing the AuthenticationProvider bean. Alternatively, consider using the UserDetailsService in a manually instantiated DaoAuthenticationProvider. If the current configuration is intentional, to turn off this warning, increase the logging level of 'org.springframework.security.config.annotation.authentication.configuration.InitializeUserDetailsBeanManagerConfigurer' to ERROR
2026-01-15T01:23:42.586+01:00  INFO 121017 --- [FitnessTrackerBackend] [  restartedMain] o.s.b.a.e.web.EndpointLinksResolver      : Exposing 1 endpoint beneath base path '/actuator'
2026-01-15T01:23:42.659+01:00  INFO 121017 --- [FitnessTrackerBackend] [  restartedMain] o.s.boot.tomcat.TomcatWebServer          : Tomcat started on port 8080 (http) with context path '/'
2026-01-15T01:23:42.667+01:00  INFO 121017 --- [FitnessTrackerBackend] [  restartedMain] c.f.FitnessTrackerBackendApplication     : Started FitnessTrackerBackendApplication in 6.507 seconds (process running for 6.857)
2026-01-15T01:23:42.722+01:00  WARN 121017 --- [FitnessTrackerBackend] [  restartedMain] o.s.core.events.SpringDocAppInitializer  : SpringDoc /v3/api-docs endpoint is enabled by default. To disable it in production, set the property 'springdoc.api-docs.enabled=false'
2026-01-15T01:23:42.722+01:00  WARN 121017 --- [FitnessTrackerBackend] [  restartedMain] o.s.core.events.SpringDocAppInitializer  : SpringDoc /swagger-ui.html endpoint is enabled by default. To disable it in production, set the property 'springdoc.swagger-ui.enabled=false'
2026-01-15T01:23:43.654+01:00  INFO 121017 --- [FitnessTrackerBackend] [nio-8080-exec-1] o.a.c.c.C.[Tomcat].[localhost].[/]       : Initializing Spring DispatcherServlet 'dispatcherServlet'
2026-01-15T01:23:43.654+01:00  INFO 121017 --- [FitnessTrackerBackend] [nio-8080-exec-1] o.s.web.servlet.DispatcherServlet        : Initializing Servlet 'dispatcherServlet'
2026-01-15T01:23:43.656+01:00  INFO 121017 --- [FitnessTrackerBackend] [nio-8080-exec-1] o.s.web.servlet.DispatcherServlet        : Completed initialization in 2 ms
2026-01-15T01:23:43.964+01:00  INFO 121017 --- [FitnessTrackerBackend] [nio-8080-exec-1] com.zaxxer.hikari.HikariDataSource       : HikariPool-2 - Starting...
2026-01-15T01:23:43.984+01:00  INFO 121017 --- [FitnessTrackerBackend] [nio-8080-exec-1] com.zaxxer.hikari.pool.HikariPool        : HikariPool-2 - Added connection org.postgresql.jdbc.PgConnection@2c4cf113
2026-01-15T01:23:43.985+01:00  INFO 121017 --- [FitnessTrackerBackend] [nio-8080-exec-1] com.zaxxer.hikari.HikariDataSource       : HikariPool-2 - Start completed.
2026-01-15T01:23:44.020+01:00  WARN 121017 --- [FitnessTrackerBackend] [nio-8080-exec-1] org.hibernate.orm.jdbc.error             : HHH000247: ErrorCode: 0, SQLState: 23514
2026-01-15T01:23:44.020+01:00  WARN 121017 --- [FitnessTrackerBackend] [nio-8080-exec-1] org.hibernate.orm.jdbc.error             : ERROR: new row for relation "workout_template_exercise" violates check constraint "workout_template_exercise_planned_weight_check"
  Detail: Failing row contains (47, 17, 1, 1, 3, 10, 0.00, ).
2026-01-15T01:23:44.052+01:00  WARN 121017 --- [FitnessTrackerBackend] [nio-8080-exec-1] .m.m.a.ExceptionHandlerExceptionResolver : Resolved [org.springframework.dao.DataIntegrityViolationException: could not execute statement [ERROR: new row for relation "workout_template_exercise" violates check constraint "workout_template_exercise_planned_weight_check"<EOL>  Detail: Failing row contains (47, 17, 1, 1, 3, 10, 0.00, ).] [insert into fitnesstracker.workout_template_exercise (exercise_templateid,notes,order_in_workout,planned_reps,planned_sets,planned_weight,workout_templateid) values (?,?,?,?,?,?,?)]; SQL [insert into fitnesstracker.workout_template_exercise (exercise_templateid,notes,order_in_workout,planned_reps,planned_sets,planned_weight,workout_templateid) values (?,?,?,?,?,?,?)]; constraint [workout_template_exercise_planned_weight_check]]
2026-01-15T01:24:03.560+01:00  WARN 121017 --- [FitnessTrackerBackend] [nio-8080-exec-5] org.hibernate.orm.jdbc.error             : HHH000247: ErrorCode: 0, SQLState: 23514
2026-01-15T01:24:03.560+01:00  WARN 121017 --- [FitnessTrackerBackend] [nio-8080-exec-5] org.hibernate.orm.jdbc.error             : ERROR: new row for relation "workout_template_exercise" violates check constraint "workout_template_exercise_planned_weight_check"
  Detail: Failing row contains (48, 18, 1, 1, 3, 10, 0.00, ).
2026-01-15T01:24:03.562+01:00  WARN 121017 --- [FitnessTrackerBackend] [nio-8080-exec-5] .m.m.a.ExceptionHandlerExceptionResolver : Resolved [org.springframework.dao.DataIntegrityViolationException: could not execute statement [ERROR: new row for relation "workout_template_exercise" violates check constraint "workout_template_exercise_planned_weight_check"<EOL>  Detail: Failing row contains (48, 18, 1, 1, 3, 10, 0.00, ).] [insert into fitnesstracker.workout_template_exercise (exercise_templateid,notes,order_in_workout,planned_reps,planned_sets,planned_weight,workout_templateid) values (?,?,?,?,?,?,?)]; SQL [insert into fitnesstracker.workout_template_exercise (exercise_templateid,notes,order_in_workout,planned_reps,planned_sets,planned_weight,workout_templateid) values (?,?,?,?,?,?,?)]; constraint [workout_template_exercise_planned_weight_check]]

> Task :bootRun FAILED

FAILURE: Build failed with an exception.

* What went wrong:
Execution failed for task ':bootRun'.
> Process 'command '/usr/lib/jvm/java-25-openjdk/bin/java'' finished with non-zero exit value 137

* Try:
> Run with --stacktrace option to get the stack trace.
> Run with --info or --debug option to get more log output.
> Run with --scan to generate a Build Scan (powered by Develocity).
> Get more help at https://help.gradle.org.

BUILD FAILED in 58s
4 actionable tasks: 3 executed, 1 up-to-date
