nohup: ignoring input
> Task :compileJava UP-TO-DATE
> Task :processResources
> Task :classes
> Task :resolveMainClassName

> Task :bootRun

  .   ____          _            __ _ _
 /\\ / ___'_ __ _ _(_)_ __  __ _ \ \ \ \
( ( )\___ | '_ | '_| | '_ \/ _` | \ \ \ \
 \\/  ___)| |_)| | | | | || (_| |  ) ) ) )
  '  |____| .__|_| |_|_| |_\__, | / / / /
 =========|_|==============|___/=/_/_/_/

 :: Spring Boot ::                (v4.0.1)

2026-01-15T01:24:37.971+01:00  INFO 121952 --- [FitnessTrackerBackend] [  restartedMain] c.f.FitnessTrackerBackendApplication     : Starting FitnessTrackerBackendApplication using Java 25.0.1 with PID 121952 (/home/comprex/FitnessApp/FitnessTrackerBackend/build/classes/java/main started by comprex in /home/comprex/FitnessApp/FitnessTrackerBackend)
2026-01-15T01:24:37.976+01:00  INFO 121952 --- [FitnessTrackerBackend] [  restartedMain] c.f.FitnessTrackerBackendApplication     : No active profile set, falling back to 1 default profile: "default"
2026-01-15T01:24:38.033+01:00  INFO 121952 --- [FitnessTrackerBackend] [  restartedMain] .e.DevToolsPropertyDefaultsPostProcessor : Devtools property defaults active! Set 'spring.devtools.add-properties' to 'false' to disable
2026-01-15T01:24:38.033+01:00  INFO 121952 --- [FitnessTrackerBackend] [  restartedMain] .e.DevToolsPropertyDefaultsPostProcessor : For additional web related logging consider setting the 'logging.level.web' property to 'DEBUG'
2026-01-15T01:24:38.928+01:00  INFO 121952 --- [FitnessTrackerBackend] [  restartedMain] .s.d.r.c.RepositoryConfigurationDelegate : Bootstrapping Spring Data JPA repositories in DEFAULT mode.
2026-01-15T01:24:39.002+01:00  INFO 121952 --- [FitnessTrackerBackend] [  restartedMain] .s.d.r.c.RepositoryConfigurationDelegate : Finished Spring Data repository scanning in 65 ms. Found 18 JPA repository interfaces.
2026-01-15T01:24:39.632+01:00  INFO 121952 --- [FitnessTrackerBackend] [  restartedMain] o.s.boot.tomcat.TomcatWebServer          : Tomcat initialized with port 8080 (http)
2026-01-15T01:24:39.643+01:00  INFO 121952 --- [FitnessTrackerBackend] [  restartedMain] o.apache.catalina.core.StandardService   : Starting service [Tomcat]
2026-01-15T01:24:39.644+01:00  INFO 121952 --- [FitnessTrackerBackend] [  restartedMain] o.apache.catalina.core.StandardEngine    : Starting Servlet engine: [Apache Tomcat/11.0.15]
2026-01-15T01:24:39.674+01:00  INFO 121952 --- [FitnessTrackerBackend] [  restartedMain] b.w.c.s.WebApplicationContextInitializer : Root WebApplicationContext: initialization completed in 1639 ms
2026-01-15T01:24:40.207+01:00  INFO 121952 --- [FitnessTrackerBackend] [  restartedMain] org.flywaydb.core.FlywayExecutor         : Database: jdbc:postgresql://localhost:5432/fitness_tracker?currentSchema=fitnesstracker (PostgreSQL 18.1)
2026-01-15T01:24:40.277+01:00  INFO 121952 --- [FitnessTrackerBackend] [  restartedMain] o.f.core.internal.command.DbValidate     : Successfully validated 27 migrations (execution time 00:00.037s)
2026-01-15T01:24:40.307+01:00  INFO 121952 --- [FitnessTrackerBackend] [  restartedMain] o.f.core.internal.command.DbMigrate      : Current version of schema "fitnesstracker": 3
2026-01-15T01:24:40.316+01:00  INFO 121952 --- [FitnessTrackerBackend] [  restartedMain] o.f.core.internal.command.DbMigrate      : Migrating schema "fitnesstracker" to version "4 - fix planned weight constraint"
2026-01-15T01:24:40.341+01:00  INFO 121952 --- [FitnessTrackerBackend] [  restartedMain] o.f.core.internal.command.DbMigrate      : Successfully applied 1 migration to schema "fitnesstracker", now at version v4 (execution time 00:00.010s)
2026-01-15T01:24:40.408+01:00  INFO 121952 --- [FitnessTrackerBackend] [  restartedMain] org.hibernate.orm.jpa                    : HHH008540: Processing PersistenceUnitInfo [name: default]
2026-01-15T01:24:40.443+01:00  INFO 121952 --- [FitnessTrackerBackend] [  restartedMain] org.hibernate.orm.core                   : HHH000001: Hibernate ORM core version 7.2.0.Final
2026-01-15T01:24:40.773+01:00  INFO 121952 --- [FitnessTrackerBackend] [  restartedMain] o.s.o.j.p.SpringPersistenceUnitInfo      : No LoadTimeWeaver setup: ignoring JPA class transformer
2026-01-15T01:24:40.797+01:00  INFO 121952 --- [FitnessTrackerBackend] [  restartedMain] com.zaxxer.hikari.HikariDataSource       : HikariPool-1 - Starting...
2026-01-15T01:24:40.820+01:00  INFO 121952 --- [FitnessTrackerBackend] [  restartedMain] com.zaxxer.hikari.pool.HikariPool        : HikariPool-1 - Added connection org.postgresql.jdbc.PgConnection@29bc5094
2026-01-15T01:24:40.822+01:00  INFO 121952 --- [FitnessTrackerBackend] [  restartedMain] com.zaxxer.hikari.HikariDataSource       : HikariPool-1 - Start completed.
2026-01-15T01:24:40.847+01:00  WARN 121952 --- [FitnessTrackerBackend] [  restartedMain] org.hibernate.orm.deprecation            : HHH90000025: PostgreSQLDialect does not need to be specified explicitly using 'hibernate.dialect' (remove the property setting and it will be selected by default)
2026-01-15T01:24:40.861+01:00  INFO 121952 --- [FitnessTrackerBackend] [  restartedMain] org.hibernate.orm.connections.pooling    : HHH10001005: Database info:
	Database JDBC URL [jdbc:postgresql://localhost:5432/fitness_tracker?currentSchema=fitnesstracker]
	Database driver: PostgreSQL JDBC Driver
	Database dialect: PostgreSQLDialect
	Database version: 18.1
	Default catalog/schema: fitness_tracker/fitnesstracker
	Autocommit mode: undefined/unknown
	Isolation level: READ_COMMITTED [default READ_COMMITTED]
	JDBC fetch size: none
	Pool: DataSourceConnectionProvider
	Minimum pool size: undefined/unknown
	Maximum pool size: undefined/unknown
2026-01-15T01:24:41.900+01:00  INFO 121952 --- [FitnessTrackerBackend] [  restartedMain] org.hibernate.orm.core                   : HHH000489: No JTA platform available (set 'hibernate.transaction.jta.platform' to enable JTA platform integration)
2026-01-15T01:24:41.944+01:00  INFO 121952 --- [FitnessTrackerBackend] [  restartedMain] j.LocalContainerEntityManagerFactoryBean : Initialized JPA EntityManagerFactory for persistence unit 'default'
2026-01-15T01:24:42.014+01:00  INFO 121952 --- [FitnessTrackerBackend] [  restartedMain] o.s.d.j.r.query.QueryEnhancerFactories   : Hibernate is in classpath; If applicable, HQL parser will be used.
2026-01-15T01:24:42.802+01:00  INFO 121952 --- [FitnessTrackerBackend] [  restartedMain] eAuthenticationProviderManagerConfigurer : Global AuthenticationManager configured with AuthenticationProvider bean with name authenticationProvider
2026-01-15T01:24:42.803+01:00  WARN 121952 --- [FitnessTrackerBackend] [  restartedMain] r$InitializeUserDetailsManagerConfigurer : Global AuthenticationManager configured with an AuthenticationProvider bean. UserDetailsService beans will not be used by Spring Security for automatically configuring username/password login. Consider removing the AuthenticationProvider bean. Alternatively, consider using the UserDetailsService in a manually instantiated DaoAuthenticationProvider. If the current configuration is intentional, to turn off this warning, increase the logging level of 'org.springframework.security.config.annotation.authentication.configuration.InitializeUserDetailsBeanManagerConfigurer' to ERROR
2026-01-15T01:24:44.009+01:00  INFO 121952 --- [FitnessTrackerBackend] [  restartedMain] o.s.b.a.e.web.EndpointLinksResolver      : Exposing 1 endpoint beneath base path '/actuator'
2026-01-15T01:24:44.096+01:00  INFO 121952 --- [FitnessTrackerBackend] [  restartedMain] o.s.boot.tomcat.TomcatWebServer          : Tomcat started on port 8080 (http) with context path '/'
2026-01-15T01:24:44.104+01:00  INFO 121952 --- [FitnessTrackerBackend] [  restartedMain] c.f.FitnessTrackerBackendApplication     : Started FitnessTrackerBackendApplication in 6.542 seconds (process running for 6.847)
2026-01-15T01:24:44.161+01:00  WARN 121952 --- [FitnessTrackerBackend] [  restartedMain] o.s.core.events.SpringDocAppInitializer  : SpringDoc /v3/api-docs endpoint is enabled by default. To disable it in production, set the property 'springdoc.api-docs.enabled=false'
2026-01-15T01:24:44.161+01:00  WARN 121952 --- [FitnessTrackerBackend] [  restartedMain] o.s.core.events.SpringDocAppInitializer  : SpringDoc /swagger-ui.html endpoint is enabled by default. To disable it in production, set the property 'springdoc.swagger-ui.enabled=false'
2026-01-15T01:24:53.909+01:00  INFO 121952 --- [FitnessTrackerBackend] [nio-8080-exec-1] o.a.c.c.C.[Tomcat].[localhost].[/]       : Initializing Spring DispatcherServlet 'dispatcherServlet'
2026-01-15T01:24:53.909+01:00  INFO 121952 --- [FitnessTrackerBackend] [nio-8080-exec-1] o.s.web.servlet.DispatcherServlet        : Initializing Servlet 'dispatcherServlet'
2026-01-15T01:24:53.911+01:00  INFO 121952 --- [FitnessTrackerBackend] [nio-8080-exec-1] o.s.web.servlet.DispatcherServlet        : Completed initialization in 2 ms
2026-01-15T01:24:54.232+01:00  INFO 121952 --- [FitnessTrackerBackend] [nio-8080-exec-1] com.zaxxer.hikari.HikariDataSource       : HikariPool-2 - Starting...
2026-01-15T01:24:54.249+01:00  INFO 121952 --- [FitnessTrackerBackend] [nio-8080-exec-1] com.zaxxer.hikari.pool.HikariPool        : HikariPool-2 - Added connection org.postgresql.jdbc.PgConnection@ac4b0ba
2026-01-15T01:24:54.250+01:00  INFO 121952 --- [FitnessTrackerBackend] [nio-8080-exec-1] com.zaxxer.hikari.HikariDataSource       : HikariPool-2 - Start completed.
2026-01-15T01:28:42.522+01:00  WARN 121952 --- [FitnessTrackerBackend] [nio-8080-exec-3] .m.m.a.ExceptionHandlerExceptionResolver : Resolved [org.hibernate.LazyInitializationException: Could not initialize proxy [com.fitnesstrackerbackend.domain.trainingplan.model.UserWorkoutExerciseEntity#1] - no session]
2026-01-15T12:29:05.644+01:00  WARN 121952 --- [FitnessTrackerBackend] [io-8080-exec-10] .m.m.a.ExceptionHandlerExceptionResolver : Resolved [org.hibernate.LazyInitializationException: Could not initialize proxy [com.fitnesstrackerbackend.domain.trainingplan.model.UserWorkoutExerciseEntity#1] - no session]
2026-01-15T19:08:39.722+01:00  WARN 121952 --- [FitnessTrackerBackend] [nio-8080-exec-9] .m.m.a.ExceptionHandlerExceptionResolver : Resolved [org.hibernate.LazyInitializationException: Could not initialize proxy [com.fitnesstrackerbackend.domain.trainingplan.model.UserWorkoutExerciseEntity#1] - no session]
2026-01-15T19:11:24.997+01:00  WARN 121952 --- [FitnessTrackerBackend] [nio-8080-exec-4] .m.m.a.ExceptionHandlerExceptionResolver : Resolved [org.hibernate.LazyInitializationException: Could not initialize proxy [com.fitnesstrackerbackend.domain.trainingplan.model.UserWorkoutExerciseEntity#1] - no session]
