nohup: ignoring input
> Task :compileJava UP-TO-DATE
> Task :processResources UP-TO-DATE
> Task :classes UP-TO-DATE
> Task :resolveMainClassName UP-TO-DATE

> Task :bootRun

  .   ____          _            __ _ _
 /\\ / ___'_ __ _ _(_)_ __  __ _ \ \ \ \
( ( )\___ | '_ | '_| | '_ \/ _` | \ \ \ \
 \\/  ___)| |_)| | | | | || (_| |  ) ) ) )
  '  |____| .__|_| |_|_| |_\__, | / / / /
 =========|_|==============|___/=/_/_/_/

 :: Spring Boot ::                (v4.0.1)

2026-01-15T01:12:01.709+01:00  INFO 114304 --- [FitnessTrackerBackend] [  restartedMain] c.f.FitnessTrackerBackendApplication     : Starting FitnessTrackerBackendApplication using Java 25.0.1 with PID 114304 (/home/comprex/FitnessApp/FitnessTrackerBackend/build/classes/java/main started by comprex in /home/comprex/FitnessApp/FitnessTrackerBackend)
2026-01-15T01:12:01.713+01:00  INFO 114304 --- [FitnessTrackerBackend] [  restartedMain] c.f.FitnessTrackerBackendApplication     : No active profile set, falling back to 1 default profile: "default"
2026-01-15T01:12:01.768+01:00  INFO 114304 --- [FitnessTrackerBackend] [  restartedMain] .e.DevToolsPropertyDefaultsPostProcessor : Devtools property defaults active! Set 'spring.devtools.add-properties' to 'false' to disable
2026-01-15T01:12:01.768+01:00  INFO 114304 --- [FitnessTrackerBackend] [  restartedMain] .e.DevToolsPropertyDefaultsPostProcessor : For additional web related logging consider setting the 'logging.level.web' property to 'DEBUG'
2026-01-15T01:12:02.668+01:00  INFO 114304 --- [FitnessTrackerBackend] [  restartedMain] .s.d.r.c.RepositoryConfigurationDelegate : Bootstrapping Spring Data JPA repositories in DEFAULT mode.
2026-01-15T01:12:02.741+01:00  INFO 114304 --- [FitnessTrackerBackend] [  restartedMain] .s.d.r.c.RepositoryConfigurationDelegate : Finished Spring Data repository scanning in 65 ms. Found 18 JPA repository interfaces.
2026-01-15T01:12:03.369+01:00  INFO 114304 --- [FitnessTrackerBackend] [  restartedMain] o.s.boot.tomcat.TomcatWebServer          : Tomcat initialized with port 8080 (http)
2026-01-15T01:12:03.379+01:00  INFO 114304 --- [FitnessTrackerBackend] [  restartedMain] o.apache.catalina.core.StandardService   : Starting service [Tomcat]
2026-01-15T01:12:03.380+01:00  INFO 114304 --- [FitnessTrackerBackend] [  restartedMain] o.apache.catalina.core.StandardEngine    : Starting Servlet engine: [Apache Tomcat/11.0.15]
2026-01-15T01:12:03.405+01:00  INFO 114304 --- [FitnessTrackerBackend] [  restartedMain] b.w.c.s.WebApplicationContextInitializer : Root WebApplicationContext: initialization completed in 1636 ms
2026-01-15T01:12:03.836+01:00  INFO 114304 --- [FitnessTrackerBackend] [  restartedMain] org.flywaydb.core.FlywayExecutor         : Database: jdbc:postgresql://localhost:5432/fitness_tracker?currentSchema=fitnesstracker (PostgreSQL 18.1)
2026-01-15T01:12:03.931+01:00  INFO 114304 --- [FitnessTrackerBackend] [  restartedMain] o.f.core.internal.command.DbValidate     : Successfully validated 25 migrations (execution time 00:00.051s)
2026-01-15T01:12:03.964+01:00  INFO 114304 --- [FitnessTrackerBackend] [  restartedMain] o.f.core.internal.command.DbMigrate      : Current version of schema "fitnesstracker": 3
2026-01-15T01:12:03.968+01:00  INFO 114304 --- [FitnessTrackerBackend] [  restartedMain] o.f.core.internal.command.DbMigrate      : Schema "fitnesstracker" is up to date. No migration necessary.
2026-01-15T01:12:04.055+01:00  INFO 114304 --- [FitnessTrackerBackend] [  restartedMain] org.hibernate.orm.jpa                    : HHH008540: Processing PersistenceUnitInfo [name: default]
2026-01-15T01:12:04.112+01:00  INFO 114304 --- [FitnessTrackerBackend] [  restartedMain] org.hibernate.orm.core                   : HHH000001: Hibernate ORM core version 7.2.0.Final
2026-01-15T01:12:04.467+01:00  INFO 114304 --- [FitnessTrackerBackend] [  restartedMain] o.s.o.j.p.SpringPersistenceUnitInfo      : No LoadTimeWeaver setup: ignoring JPA class transformer
2026-01-15T01:12:04.494+01:00  INFO 114304 --- [FitnessTrackerBackend] [  restartedMain] com.zaxxer.hikari.HikariDataSource       : HikariPool-1 - Starting...
2026-01-15T01:12:04.518+01:00  INFO 114304 --- [FitnessTrackerBackend] [  restartedMain] com.zaxxer.hikari.pool.HikariPool        : HikariPool-1 - Added connection org.postgresql.jdbc.PgConnection@27d47521
2026-01-15T01:12:04.519+01:00  INFO 114304 --- [FitnessTrackerBackend] [  restartedMain] com.zaxxer.hikari.HikariDataSource       : HikariPool-1 - Start completed.
2026-01-15T01:12:04.547+01:00  WARN 114304 --- [FitnessTrackerBackend] [  restartedMain] org.hibernate.orm.deprecation            : HHH90000025: PostgreSQLDialect does not need to be specified explicitly using 'hibernate.dialect' (remove the property setting and it will be selected by default)
2026-01-15T01:12:04.563+01:00  INFO 114304 --- [FitnessTrackerBackend] [  restartedMain] org.hibernate.orm.connections.pooling    : HHH10001005: Database info:
	Database JDBC URL [jdbc:postgresql://localhost:5432/fitness_tracker?currentSchema=fitnesstracker]
	Database driver: PostgreSQL JDBC Driver
	Database dialect: PostgreSQLDialect
	Database version: 18.1
	Default catalog/schema: fitness_tracker/fitnesstracker
	Autocommit mode: undefined/unknown
	Isolation level: READ_COMMITTED [default READ_COMMITTED]
	JDBC fetch size: none
	Pool: DataSourceConnectionProvider
	Minimum pool size: undefined/unknown
	Maximum pool size: undefined/unknown
2026-01-15T01:12:05.609+01:00  INFO 114304 --- [FitnessTrackerBackend] [  restartedMain] org.hibernate.orm.core                   : HHH000489: No JTA platform available (set 'hibernate.transaction.jta.platform' to enable JTA platform integration)
2026-01-15T01:12:05.654+01:00  INFO 114304 --- [FitnessTrackerBackend] [  restartedMain] j.LocalContainerEntityManagerFactoryBean : Initialized JPA EntityManagerFactory for persistence unit 'default'
2026-01-15T01:12:05.721+01:00  INFO 114304 --- [FitnessTrackerBackend] [  restartedMain] o.s.d.j.r.query.QueryEnhancerFactories   : Hibernate is in classpath; If applicable, HQL parser will be used.
2026-01-15T01:12:06.472+01:00  INFO 114304 --- [FitnessTrackerBackend] [  restartedMain] eAuthenticationProviderManagerConfigurer : Global AuthenticationManager configured with AuthenticationProvider bean with name authenticationProvider
2026-01-15T01:12:06.473+01:00  WARN 114304 --- [FitnessTrackerBackend] [  restartedMain] r$InitializeUserDetailsManagerConfigurer : Global AuthenticationManager configured with an AuthenticationProvider bean. UserDetailsService beans will not be used by Spring Security for automatically configuring username/password login. Consider removing the AuthenticationProvider bean. Alternatively, consider using the UserDetailsService in a manually instantiated DaoAuthenticationProvider. If the current configuration is intentional, to turn off this warning, increase the logging level of 'org.springframework.security.config.annotation.authentication.configuration.InitializeUserDetailsBeanManagerConfigurer' to ERROR
2026-01-15T01:12:07.607+01:00  INFO 114304 --- [FitnessTrackerBackend] [  restartedMain] o.s.b.a.e.web.EndpointLinksResolver      : Exposing 1 endpoint beneath base path '/actuator'
2026-01-15T01:12:07.683+01:00  INFO 114304 --- [FitnessTrackerBackend] [  restartedMain] o.s.boot.tomcat.TomcatWebServer          : Tomcat started on port 8080 (http) with context path '/'
2026-01-15T01:12:07.691+01:00  INFO 114304 --- [FitnessTrackerBackend] [  restartedMain] c.f.FitnessTrackerBackendApplication     : Started FitnessTrackerBackendApplication in 6.343 seconds (process running for 6.712)
2026-01-15T01:12:07.758+01:00  WARN 114304 --- [FitnessTrackerBackend] [  restartedMain] o.s.core.events.SpringDocAppInitializer  : SpringDoc /v3/api-docs endpoint is enabled by default. To disable it in production, set the property 'springdoc.api-docs.enabled=false'
2026-01-15T01:12:07.758+01:00  WARN 114304 --- [FitnessTrackerBackend] [  restartedMain] o.s.core.events.SpringDocAppInitializer  : SpringDoc /swagger-ui.html endpoint is enabled by default. To disable it in production, set the property 'springdoc.swagger-ui.enabled=false'
2026-01-15T01:12:16.526+01:00  INFO 114304 --- [FitnessTrackerBackend] [nio-8080-exec-1] o.a.c.c.C.[Tomcat].[localhost].[/]       : Initializing Spring DispatcherServlet 'dispatcherServlet'
2026-01-15T01:12:16.527+01:00  INFO 114304 --- [FitnessTrackerBackend] [nio-8080-exec-1] o.s.web.servlet.DispatcherServlet        : Initializing Servlet 'dispatcherServlet'
2026-01-15T01:12:16.528+01:00  INFO 114304 --- [FitnessTrackerBackend] [nio-8080-exec-1] o.s.web.servlet.DispatcherServlet        : Completed initialization in 1 ms
2026-01-15T01:12:16.827+01:00  WARN 114304 --- [FitnessTrackerBackend] [nio-8080-exec-1] .m.m.a.ExceptionHandlerExceptionResolver : Resolved [org.springframework.orm.jpa.JpaSystemException: Could not generate fetch : com.fitnesstrackerbackend.domain.trainingplan.model.UserTrainingPlanEntity(utp) -> trainingPlanidEntity]
2026-01-15T01:12:17.370+01:00  WARN 114304 --- [FitnessTrackerBackend] [nio-8080-exec-2] .m.m.a.ExceptionHandlerExceptionResolver : Resolved [org.springframework.orm.jpa.JpaSystemException: Could not generate fetch : com.fitnesstrackerbackend.domain.trainingplan.model.UserTrainingPlanEntity(utp) -> trainingPlanidEntity]
2026-01-15T01:12:17.378+01:00  INFO 114304 --- [FitnessTrackerBackend] [nio-8080-exec-3] com.zaxxer.hikari.HikariDataSource       : HikariPool-2 - Starting...
2026-01-15T01:12:17.396+01:00  INFO 114304 --- [FitnessTrackerBackend] [nio-8080-exec-3] com.zaxxer.hikari.pool.HikariPool        : HikariPool-2 - Added connection org.postgresql.jdbc.PgConnection@64abded9
2026-01-15T01:12:17.397+01:00  INFO 114304 --- [FitnessTrackerBackend] [nio-8080-exec-3] com.zaxxer.hikari.HikariDataSource       : HikariPool-2 - Start completed.
2026-01-15T01:12:22.739+01:00  WARN 114304 --- [FitnessTrackerBackend] [nio-8080-exec-4] .m.m.a.ExceptionHandlerExceptionResolver : Resolved [org.springframework.orm.jpa.JpaSystemException: Could not generate fetch : com.fitnesstrackerbackend.domain.trainingplan.model.UserTrainingPlanEntity(utp) -> trainingPlanidEntity]
2026-01-15T01:12:33.201+01:00  WARN 114304 --- [FitnessTrackerBackend] [nio-8080-exec-7] org.hibernate.orm.jdbc.error             : HHH000247: ErrorCode: 0, SQLState: 42501
2026-01-15T01:12:33.202+01:00  WARN 114304 --- [FitnessTrackerBackend] [nio-8080-exec-7] org.hibernate.orm.jdbc.error             : ERROR: permission denied for table training_plan
2026-01-15T01:12:33.206+01:00  WARN 114304 --- [FitnessTrackerBackend] [nio-8080-exec-7] .m.m.a.ExceptionHandlerExceptionResolver : Resolved [org.springframework.orm.jpa.JpaSystemException: could not execute statement [ERROR: permission denied for table training_plan] [insert into fitnesstracker.training_plan (created_at,description,difficulty_level,duration_weeks,name,updated_at,visibility_type) values (?,?,?,?,?,?,?)]]
2026-01-15T01:12:37.242+01:00  WARN 114304 --- [FitnessTrackerBackend] [nio-8080-exec-8] .m.m.a.ExceptionHandlerExceptionResolver : Resolved [org.springframework.orm.jpa.JpaSystemException: Could not generate fetch : com.fitnesstrackerbackend.domain.trainingplan.model.UserTrainingPlanEntity(utp) -> trainingPlanidEntity]
2026-01-15T01:12:38.663+01:00  WARN 114304 --- [FitnessTrackerBackend] [io-8080-exec-10] .m.m.a.ExceptionHandlerExceptionResolver : Resolved [org.springframework.orm.jpa.JpaSystemException: Could not generate fetch : com.fitnesstrackerbackend.domain.trainingplan.model.UserTrainingPlanEntity(utp) -> trainingPlanidEntity]
2026-01-15T01:12:38.993+01:00  WARN 114304 --- [FitnessTrackerBackend] [nio-8080-exec-2] .m.m.a.ExceptionHandlerExceptionResolver : Resolved [org.springframework.orm.jpa.JpaSystemException: Could not generate fetch : com.fitnesstrackerbackend.domain.trainingplan.model.UserTrainingPlanEntity(utp) -> trainingPlanidEntity]
2026-01-15T01:12:39.210+01:00  WARN 114304 --- [FitnessTrackerBackend] [nio-8080-exec-4] .m.m.a.ExceptionHandlerExceptionResolver : Resolved [org.springframework.orm.jpa.JpaSystemException: Could not generate fetch : com.fitnesstrackerbackend.domain.trainingplan.model.UserTrainingPlanEntity(utp) -> trainingPlanidEntity]
2026-01-15T01:12:50.791+01:00  WARN 114304 --- [FitnessTrackerBackend] [io-8080-exec-10] .m.m.a.ExceptionHandlerExceptionResolver : Resolved [org.springframework.orm.jpa.JpaSystemException: Could not generate fetch : com.fitnesstrackerbackend.domain.trainingplan.model.UserTrainingPlanEntity(utp) -> trainingPlanidEntity]

Timed out waiting for finished message from client socket connection from /127.0.0.1:45029 to /127.0.0.1:43998. Discarding connection.

> Task :bootRun
2026-01-15T01:13:11.055+01:00  WARN 114304 --- [FitnessTrackerBackend] [nio-8080-exec-1] .m.m.a.ExceptionHandlerExceptionResolver : Resolved [org.springframework.orm.jpa.JpaSystemException: Could not generate fetch : com.fitnesstrackerbackend.domain.trainingplan.model.UserTrainingPlanEntity(utp) -> trainingPlanidEntity]
2026-01-15T01:14:24.335+01:00  WARN 114304 --- [FitnessTrackerBackend] [nio-8080-exec-2] .m.m.a.ExceptionHandlerExceptionResolver : Resolved [org.springframework.orm.jpa.JpaSystemException: Could not generate fetch : com.fitnesstrackerbackend.domain.trainingplan.model.UserTrainingPlanEntity(utp) -> trainingPlanidEntity]

> Task :bootRun FAILED

FAILURE: Build failed with an exception.

* What went wrong:
Execution failed for task ':bootRun'.
> Process 'command '/usr/lib/jvm/java-25-openjdk/bin/java'' finished with non-zero exit value 137

* Try:
> Run with --stacktrace option to get the stack trace.
> Run with --info or --debug option to get more log output.
> Run with --scan to generate a Build Scan (powered by Develocity).
> Get more help at https://help.gradle.org.

BUILD FAILED in 2m 42s
4 actionable tasks: 1 executed, 3 up-to-date
